<?xml version="1.0" encoding="UTF-8"?>
<!-- Generated by org.testng.reporters.JUnitXMLReporter -->
<testsuite hostname="IN2070121W2" ignored="0" name="FreeCRM App Test Cases" tests="11" failures="0" timestamp="25 Jun 2018 10:44:18 GMT" time="392.236" errors="0">
  <testcase name="loginPageTitletest" time="0.028" classname="com.crm.qa.testcases.LoginPageTest"/>
  <testcase name="verifyHomePageTitle" time="0.016" classname="com.crm.qa.testcases.HomePageTest"/>
  <testcase name="verifyContactsPageLabel" time="0.048" classname="com.crm.qa.testcases.ContactsPageTest"/>
  <testcase name="crmLogoImageTest" time="2.068" classname="com.crm.qa.testcases.LoginPageTest"/>
  <testcase name="verifyUserNameLable" time="0.13" classname="com.crm.qa.testcases.HomePageTest"/>
  <testcase name="selectContactTest" time="0.14" classname="com.crm.qa.testcases.ContactsPageTest"/>
  <testcase name="loginTest" time="12.3" classname="com.crm.qa.testcases.LoginPageTest"/>
  <testcase name="verifyContactsLink" time="2.198" classname="com.crm.qa.testcases.HomePageTest"/>
  <testcase name="validateCreateNewContact" time="5.998" classname="com.crm.qa.testcases.ContactsPageTest"/>
  <testcase name="validateCreateNewContact" time="4.954" classname="com.crm.qa.testcases.ContactsPageTest"/>
  <testcase name="validateCreateNewContact" time="6.27" classname="com.crm.qa.testcases.ContactsPageTest"/>
</testsuite> <!-- FreeCRM App Test Cases -->
